D:\CODES AND PROJECTS\VISUAL STUDIO 2012\PROJECTS\AI PROJECT\AI PROJECT\DEBUG\AI PROJECT.PCH
D:\CODES AND PROJECTS\VISUAL STUDIO 2012\PROJECTS\AI PROJECT\AI PROJECT\DEBUG\STDAFX.OBJ
D:\CODES AND PROJECTS\VISUAL STUDIO 2012\PROJECTS\AI PROJECT\AI PROJECT\DEBUG\VC110.PDB
D:\CODES AND PROJECTS\VISUAL STUDIO 2012\PROJECTS\AI PROJECT\AI PROJECT\DEBUG\AI PROJECT.OBJ
D:\CODES AND PROJECTS\VISUAL STUDIO 2012\PROJECTS\AI PROJECT\DEBUG\AI PROJECT.ILK
D:\CODES AND PROJECTS\VISUAL STUDIO 2012\PROJECTS\AI PROJECT\DEBUG\AI PROJECT.EXE
D:\CODES AND PROJECTS\VISUAL STUDIO 2012\PROJECTS\AI PROJECT\DEBUG\AI PROJECT.PDB
D:\Codes and Projects\Visual Studio 2012\Projects\AI project\AI project\Debug\AI project.obj
D:\Codes and Projects\Visual Studio 2012\Projects\AI project\AI project\Debug\stdafx.obj
D:\Codes and Projects\Visual Studio 2012\Projects\AI project\AI project\Debug\cl.command.1.tlog
D:\Codes and Projects\Visual Studio 2012\Projects\AI project\AI project\Debug\CL.read.1.tlog
D:\Codes and Projects\Visual Studio 2012\Projects\AI project\AI project\Debug\CL.write.1.tlog
D:\Codes and Projects\Visual Studio 2012\Projects\AI project\AI project\Debug\link-cvtres.read.1.tlog
D:\Codes and Projects\Visual Studio 2012\Projects\AI project\AI project\Debug\link-cvtres.write.1.tlog
D:\Codes and Projects\Visual Studio 2012\Projects\AI project\AI project\Debug\link-rc.read.1.tlog
D:\Codes and Projects\Visual Studio 2012\Projects\AI project\AI project\Debug\link-rc.write.1.tlog
D:\Codes and Projects\Visual Studio 2012\Projects\AI project\AI project\Debug\link.command.1.tlog
D:\Codes and Projects\Visual Studio 2012\Projects\AI project\AI project\Debug\link.read.1.tlog
D:\Codes and Projects\Visual Studio 2012\Projects\AI project\AI project\Debug\link.write.1.tlog
D:\Codes and Projects\Visual Studio 2012\Projects\AI project\AI project\Debug\AI project.pch
D:\Codes and Projects\Visual Studio 2012\Projects\AI project\AI project\Debug\vc110.idb
D:\Codes and Projects\Visual Studio 2012\Projects\AI project\AI project\Debug\vc110.pdb
D:\Codes and Projects\Visual Studio 2012\Projects\AI project\Debug\AI project.pdb
D:\Codes and Projects\Visual Studio 2012\Projects\AI project\Debug\AI project.exe
D:\Codes and Projects\Visual Studio 2012\Projects\AI project\Debug\AI project.ilk
